-encoding
UTF-8
-outxml
-source
6
-target
6
-classpath
/Users/joppu/.m2/repository/aopalliance/aopalliance/1.0/aopalliance-1.0.jar:/Users/joppu/.m2/repository/commons-beanutils/commons-beanutils/1.8.3/commons-beanutils-1.8.3.jar:/Users/joppu/.m2/repository/commons-codec/commons-codec/1.5/commons-codec-1.5.jar:/Users/joppu/.m2/repository/commons-digester/commons-digester/2.1/commons-digester-2.1.jar:/Users/joppu/.m2/repository/commons-fileupload/commons-fileupload/1.2.2/commons-fileupload-1.2.2.jar:/Users/joppu/.m2/repository/commons-io/commons-io/2.1/commons-io-2.1.jar:/Users/joppu/.m2/repository/commons-logging/commons-logging/1.1.1/commons-logging-1.1.1.jar:/Users/joppu/.m2/repository/javax/activation/activation/1.1.1/activation-1.1.1.jar:/Users/joppu/.m2/repository/javax/el/el-api/2.2/el-api-2.2.jar:/Users/joppu/.m2/repository/javax/inject/javax.inject/1/javax.inject-1.jar:/Users/joppu/.m2/repository/javax/mail/mail/1.4.1/mail-1.4.1.jar:/Users/joppu/.m2/repository/javax/persistence/persistence-api/1.0/persistence-api-1.0.jar:/Users/joppu/.m2/repository/javax/servlet/servlet-api/2.5/servlet-api-2.5.jar:/Users/joppu/.m2/repository/javax/servlet/jsp/jsp-api/2.1/jsp-api-2.1.jar:/Users/joppu/.m2/repository/javax/servlet/jsp/jstl/jstl-api/1.2/jstl-api-1.2.jar:/Users/joppu/.m2/repository/javax/validation/validation-api/1.0.0.GA/validation-api-1.0.0.GA.jar:/Users/joppu/.m2/repository/joda-time/joda-time/1.6/joda-time-1.6.jar:/Users/joppu/.m2/repository/junit/junit/4.10/junit-4.10.jar:/Users/joppu/.m2/repository/log4j/log4j/1.2.16/log4j-1.2.16.jar:/Users/joppu/.m2/repository/net/sf/flexjson/flexjson/2.1/flexjson-2.1.jar:/Users/joppu/.m2/repository/org/apache/commons/commons-lang3/3.1/commons-lang3-3.1.jar:/Users/joppu/.m2/repository/org/apache/httpcomponents/httpclient/4.2.3/httpclient-4.2.3.jar:/Users/joppu/.m2/repository/org/apache/httpcomponents/httpcore/4.2.2/httpcore-4.2.2.jar:/Users/joppu/.m2/repository/org/apache/tiles/tiles-api/2.2.2/tiles-api-2.2.2.jar:/Users/joppu/.m2/repository/org/apache/tiles/tiles-core/2.2.2/tiles-core-2.2.2.jar:/Users/joppu/.m2/repository/org/apache/tiles/tiles-jsp/2.2.2/tiles-jsp-2.2.2.jar:/Users/joppu/.m2/repository/org/apache/tiles/tiles-servlet/2.2.2/tiles-servlet-2.2.2.jar:/Users/joppu/.m2/repository/org/apache/tiles/tiles-template/2.2.2/tiles-template-2.2.2.jar:/Users/joppu/.m2/repository/org/aspectj/aspectjrt/1.7.0/aspectjrt-1.7.0.jar:/Users/joppu/.m2/repository/org/aspectj/aspectjweaver/1.7.0/aspectjweaver-1.7.0.jar:/Users/joppu/.m2/repository/org/cloudfoundry/cloudfoundry-runtime/0.8.0/cloudfoundry-runtime-0.8.0.jar:/Users/joppu/.m2/repository/org/codehaus/jackson/jackson-core-asl/1.9.9/jackson-core-asl-1.9.9.jar:/Users/joppu/.m2/repository/org/codehaus/jackson/jackson-mapper-asl/1.9.9/jackson-mapper-asl-1.9.9.jar:/Users/joppu/.m2/repository/org/glassfish/web/jstl-impl/1.2/jstl-impl-1.2.jar:/Users/joppu/.m2/repository/org/hibernate/hibernate-validator/4.2.0.Final/hibernate-validator-4.2.0.Final.jar:/Users/joppu/.m2/repository/org/mongodb/mongo-java-driver/2.9.1/mongo-java-driver-2.9.1.jar:/Users/joppu/.m2/repository/org/slf4j/jcl-over-slf4j/1.7.2/jcl-over-slf4j-1.7.2.jar:/Users/joppu/.m2/repository/org/slf4j/slf4j-api/1.7.2/slf4j-api-1.7.2.jar:/Users/joppu/.m2/repository/org/slf4j/slf4j-log4j12/1.7.2/slf4j-log4j12-1.7.2.jar:/Users/joppu/.m2/repository/org/springframework/spring-aop/3.2.0.RELEASE/spring-aop-3.2.0.RELEASE.jar:/Users/joppu/.m2/repository/org/springframework/spring-aspects/3.2.0.RELEASE/spring-aspects-3.2.0.RELEASE.jar:/Users/joppu/.m2/repository/org/springframework/spring-beans/3.2.0.RELEASE/spring-beans-3.2.0.RELEASE.jar:/Users/joppu/.m2/repository/org/springframework/spring-context/3.2.0.RELEASE/spring-context-3.2.0.RELEASE.jar:/Users/joppu/.m2/repository/org/springframework/spring-context-support/3.2.0.RELEASE/spring-context-support-3.2.0.RELEASE.jar:/Users/joppu/.m2/repository/org/springframework/spring-core/3.2.0.RELEASE/spring-core-3.2.0.RELEASE.jar:/Users/joppu/.m2/repository/org/springframework/spring-expression/3.2.0.RELEASE/spring-expression-3.2.0.RELEASE.jar:/Users/joppu/.m2/repository/org/springframework/spring-jdbc/3.0.6.RELEASE/spring-jdbc-3.0.6.RELEASE.jar:/Users/joppu/.m2/repository/org/springframework/spring-test/3.2.0.RELEASE/spring-test-3.2.0.RELEASE.jar:/Users/joppu/.m2/repository/org/springframework/spring-tx/3.1.4.RELEASE/spring-tx-3.1.4.RELEASE.jar:/Users/joppu/.m2/repository/org/springframework/spring-web/3.2.0.RELEASE/spring-web-3.2.0.RELEASE.jar:/Users/joppu/.m2/repository/org/springframework/spring-webmvc/3.2.0.RELEASE/spring-webmvc-3.2.0.RELEASE.jar:/Users/joppu/.m2/repository/org/springframework/data/spring-data-commons/1.5.0.RELEASE/spring-data-commons-1.5.0.RELEASE.jar:/Users/joppu/.m2/repository/org/springframework/data/spring-data-mongodb/1.2.0.BUILD-SNAPSHOT/spring-data-mongodb-1.2.0.BUILD-SNAPSHOT.jar:/Users/joppu/.m2/repository/org/springframework/roo/org.springframework.roo.annotations/1.2.3.RELEASE/org.springframework.roo.annotations-1.2.3.RELEASE.jar:/Users/joppu/.m2/repository/org/springframework/security/spring-security-acl/3.1.0.RELEASE/spring-security-acl-3.1.0.RELEASE.jar:/Users/joppu/.m2/repository/org/springframework/security/spring-security-config/3.1.0.RELEASE/spring-security-config-3.1.0.RELEASE.jar:/Users/joppu/.m2/repository/org/springframework/security/spring-security-core/3.1.0.RELEASE/spring-security-core-3.1.0.RELEASE.jar:/Users/joppu/.m2/repository/org/springframework/security/spring-security-crypto/3.1.0.RELEASE/spring-security-crypto-3.1.0.RELEASE.jar:/Users/joppu/.m2/repository/org/springframework/security/spring-security-taglibs/3.1.0.RELEASE/spring-security-taglibs-3.1.0.RELEASE.jar:/Users/joppu/.m2/repository/org/springframework/security/spring-security-web/3.1.0.RELEASE/spring-security-web-3.1.0.RELEASE.jar:/Users/joppu/.m2/repository/org/springframework/social/spring-social-config/1.1.0.BUILD-SNAPSHOT/spring-social-config-1.1.0.BUILD-SNAPSHOT.jar:/Users/joppu/.m2/repository/org/springframework/social/spring-social-core/1.1.0.BUILD-SNAPSHOT/spring-social-core-1.1.0.BUILD-SNAPSHOT.jar:/Users/joppu/.m2/repository/org/springframework/social/spring-social-facebook/1.1.0.BUILD-SNAPSHOT/spring-social-facebook-1.1.0.BUILD-SNAPSHOT.jar:/Users/joppu/.m2/repository/org/springframework/social/spring-social-twitter/1.1.0.BUILD-SNAPSHOT/spring-social-twitter-1.1.0.BUILD-SNAPSHOT.jar:/Users/joppu/.m2/repository/org/springframework/social/spring-social-web/1.1.0.BUILD-SNAPSHOT/spring-social-web-1.1.0.BUILD-SNAPSHOT.jar:/Users/joppu/.m2/repository/org/springframework/webflow/spring-js-resources/2.2.1.RELEASE/spring-js-resources-2.2.1.RELEASE.jar:/Users/joppu/STSWorkspaces/workspace3/musedin-api/target/classes
-aspectpath
/Users/joppu/.m2/repository/org/springframework/spring-aspects/3.2.0.RELEASE/spring-aspects-3.2.0.RELEASE.jar
-d
/Users/joppu/STSWorkspaces/workspace3/musedin-api/target/classes
/Users/joppu/STSWorkspaces/workspace3/musedin-api/src/main/java/in/mused/api/social/ConnectionConverter.java
/Users/joppu/STSWorkspaces/workspace3/musedin-api/src/main/java/in/mused/api/web/UserConnectionController_Roo_Controller.aj
/Users/joppu/STSWorkspaces/workspace3/musedin-api/src/main/java/in/mused/api/service/SongService_Roo_Service.aj
/Users/joppu/STSWorkspaces/workspace3/musedin-api/src/main/java/in/mused/api/repository/PlayerRepositoryImpl.java
/Users/joppu/STSWorkspaces/workspace3/musedin-api/src/main/java/in/mused/api/domain/User_Roo_JavaBean.aj
/Users/joppu/STSWorkspaces/workspace3/musedin-api/src/main/java/in/mused/api/service/LibraryServiceImpl.java
/Users/joppu/STSWorkspaces/workspace3/musedin-api/src/main/java/in/mused/api/domain/Song_Roo_JavaBean.aj
/Users/joppu/STSWorkspaces/workspace3/musedin-api/src/main/java/in/mused/api/web/UserController.java
/Users/joppu/STSWorkspaces/workspace3/musedin-api/src/main/java/in/mused/api/repository/LibraryRepository.java
/Users/joppu/STSWorkspaces/workspace3/musedin-api/src/main/java/in/mused/api/domain/Song.java
/Users/joppu/STSWorkspaces/workspace3/musedin-api/src/main/java/in/mused/api/service/PlayerService.java
/Users/joppu/STSWorkspaces/workspace3/musedin-api/src/main/java/in/mused/api/util/SessionTracker.java
/Users/joppu/STSWorkspaces/workspace3/musedin-api/src/main/java/in/mused/api/social/SocialUsersConnectionRepository.java
/Users/joppu/STSWorkspaces/workspace3/musedin-api/src/main/java/in/mused/api/domain/Player_Roo_Mongo_Entity.aj
/Users/joppu/STSWorkspaces/workspace3/musedin-api/src/main/java/in/mused/api/service/UserServiceImpl.java
/Users/joppu/STSWorkspaces/workspace3/musedin-api/src/main/java/in/mused/api/domain/Library.java
/Users/joppu/STSWorkspaces/workspace3/musedin-api/src/main/java/in/mused/api/domain/UserConnection_Roo_JavaBean.aj
/Users/joppu/STSWorkspaces/workspace3/musedin-api/src/main/java/in/mused/api/web/LibraryController_Roo_Controller_Json.aj
/Users/joppu/STSWorkspaces/workspace3/musedin-api/src/main/java/in/mused/api/web/LibraryController.java
/Users/joppu/STSWorkspaces/workspace3/musedin-api/src/main/java/in/mused/api/domain/Playlist_Roo_Mongo_Entity.aj
/Users/joppu/STSWorkspaces/workspace3/musedin-api/src/main/java/in/mused/api/security/MusedinPasswordEncoder.java
/Users/joppu/STSWorkspaces/workspace3/musedin-api/src/main/java/in/mused/api/domain/User_Roo_Json.aj
/Users/joppu/STSWorkspaces/workspace3/musedin-api/src/main/java/in/mused/api/service/SongServiceImpl_Roo_Service.aj
/Users/joppu/STSWorkspaces/workspace3/musedin-api/src/main/java/in/mused/api/service/PlayerServiceImpl_Roo_Service.aj
/Users/joppu/STSWorkspaces/workspace3/musedin-api/src/main/java/in/mused/api/repository/SongRepository.java
/Users/joppu/STSWorkspaces/workspace3/musedin-api/src/main/java/in/mused/api/service/LibraryService_Roo_Service.aj
/Users/joppu/STSWorkspaces/workspace3/musedin-api/src/main/java/in/mused/api/repository/UserConnectionRepository.java
/Users/joppu/STSWorkspaces/workspace3/musedin-api/src/main/java/in/mused/api/service/UserConnectionServiceImpl_Roo_Service.aj
/Users/joppu/STSWorkspaces/workspace3/musedin-api/src/main/java/in/mused/api/social/SpringSecuritySignInAdapter.java
/Users/joppu/STSWorkspaces/workspace3/musedin-api/src/main/java/in/mused/api/security/AjaxDigestAuthenticationEntryPoint.java
/Users/joppu/STSWorkspaces/workspace3/musedin-api/src/main/java/in/mused/api/domain/UserConnection_Roo_ToString.aj
/Users/joppu/STSWorkspaces/workspace3/musedin-api/src/main/java/in/mused/api/social/UserConnectionSignUp.java
/Users/joppu/STSWorkspaces/workspace3/musedin-api/src/main/java/in/mused/api/service/SongServiceImpl.java
/Users/joppu/STSWorkspaces/workspace3/musedin-api/src/main/java/in/mused/api/domain/Library_Roo_ToString.aj
/Users/joppu/STSWorkspaces/workspace3/musedin-api/src/main/java/in/mused/api/domain/Activity_Roo_ToString.aj
/Users/joppu/STSWorkspaces/workspace3/musedin-api/src/main/java/in/mused/api/service/SongService.java
/Users/joppu/STSWorkspaces/workspace3/musedin-api/src/main/java/in/mused/api/repository/SongRepository_Roo_Mongo_Repository.aj
/Users/joppu/STSWorkspaces/workspace3/musedin-api/src/main/java/in/mused/api/domain/Player_Roo_ToString.aj
/Users/joppu/STSWorkspaces/workspace3/musedin-api/src/main/java/in/mused/api/web/ApplicationConversionServiceFactoryBean.java
/Users/joppu/STSWorkspaces/workspace3/musedin-api/src/main/java/in/mused/api/web/UserController_Roo_Controller.aj
/Users/joppu/STSWorkspaces/workspace3/musedin-api/src/main/java/in/mused/api/social/SocialConnectionService.java
/Users/joppu/STSWorkspaces/workspace3/musedin-api/src/main/java/in/mused/api/web/SongController_Roo_Controller.aj
/Users/joppu/STSWorkspaces/workspace3/musedin-api/src/main/java/in/mused/api/repository/UserRepository_Roo_Mongo_Repository.aj
/Users/joppu/STSWorkspaces/workspace3/musedin-api/src/main/java/in/mused/api/domain/Playlist_Roo_ToString.aj
/Users/joppu/STSWorkspaces/workspace3/musedin-api/src/main/java/in/mused/api/web/PlaylistController_Roo_Controller_Json.aj
/Users/joppu/STSWorkspaces/workspace3/musedin-api/src/main/java/in/mused/api/domain/UserConnection_Roo_Json.aj
/Users/joppu/STSWorkspaces/workspace3/musedin-api/src/main/java/in/mused/api/web/UserController_Roo_Controller_Json.aj
/Users/joppu/STSWorkspaces/workspace3/musedin-api/src/main/java/in/mused/api/service/UserService.java
/Users/joppu/STSWorkspaces/workspace3/musedin-api/src/main/java/in/mused/api/social/ConnectionService.java
/Users/joppu/STSWorkspaces/workspace3/musedin-api/src/main/java/in/mused/api/repository/PlayerRepositoryCustom.java
/Users/joppu/STSWorkspaces/workspace3/musedin-api/src/main/java/in/mused/api/service/LibraryServiceImpl_Roo_Service.aj
/Users/joppu/STSWorkspaces/workspace3/musedin-api/src/main/java/in/mused/api/web/LoginController.java
/Users/joppu/STSWorkspaces/workspace3/musedin-api/src/main/java/in/mused/api/domain/Library_Roo_Json.aj
/Users/joppu/STSWorkspaces/workspace3/musedin-api/src/main/java/in/mused/api/web/SongController_Roo_Controller_Json.aj
/Users/joppu/STSWorkspaces/workspace3/musedin-api/src/main/java/in/mused/api/domain/Activity_Roo_Json.aj
/Users/joppu/STSWorkspaces/workspace3/musedin-api/src/main/java/in/mused/api/service/UserServiceImpl_Roo_Service.aj
/Users/joppu/STSWorkspaces/workspace3/musedin-api/src/main/java/in/mused/api/web/LibraryController_Roo_Controller.aj
/Users/joppu/STSWorkspaces/workspace3/musedin-api/src/main/java/in/mused/api/service/SecurityServiceImpl_Roo_Service.aj
/Users/joppu/STSWorkspaces/workspace3/musedin-api/src/main/java/in/mused/api/repository/UserConnectionRepository_Roo_Mongo_Repository.aj
/Users/joppu/STSWorkspaces/workspace3/musedin-api/src/main/java/in/mused/api/web/PlayerController.java
/Users/joppu/STSWorkspaces/workspace3/musedin-api/src/main/java/in/mused/api/domain/Library_Roo_Mongo_Entity.aj
/Users/joppu/STSWorkspaces/workspace3/musedin-api/src/main/java/in/mused/api/domain/Activity_Roo_Mongo_Entity.aj
/Users/joppu/STSWorkspaces/workspace3/musedin-api/src/main/java/in/mused/api/service/SecurityServiceImpl.java
/Users/joppu/STSWorkspaces/workspace3/musedin-api/src/main/java/in/mused/api/service/UserConnectionService.java
/Users/joppu/STSWorkspaces/workspace3/musedin-api/src/main/java/in/mused/api/domain/UserConnection_Roo_Mongo_Entity.aj
/Users/joppu/STSWorkspaces/workspace3/musedin-api/src/main/java/in/mused/api/repository/PlayerRepository_Roo_Mongo_Repository.aj
/Users/joppu/STSWorkspaces/workspace3/musedin-api/src/main/java/in/mused/api/service/UserService_Roo_Service.aj
/Users/joppu/STSWorkspaces/workspace3/musedin-api/src/main/java/in/mused/api/domain/Song_Roo_Mongo_Entity.aj
/Users/joppu/STSWorkspaces/workspace3/musedin-api/src/main/java/in/mused/api/security/MusedinRequestMatcher.java
/Users/joppu/STSWorkspaces/workspace3/musedin-api/src/main/java/in/mused/api/service/SecurityService_Roo_Service.aj
/Users/joppu/STSWorkspaces/workspace3/musedin-api/src/main/java/in/mused/api/service/UserConnectionService_Roo_Service.aj
/Users/joppu/STSWorkspaces/workspace3/musedin-api/src/main/java/in/mused/api/domain/User.java
/Users/joppu/STSWorkspaces/workspace3/musedin-api/src/main/java/in/mused/api/web/PlaylistController.java
/Users/joppu/STSWorkspaces/workspace3/musedin-api/src/main/java/in/mused/api/domain/Playlist_Roo_JavaBean.aj
/Users/joppu/STSWorkspaces/workspace3/musedin-api/src/main/java/in/mused/api/domain/User_Roo_ToString.aj
/Users/joppu/STSWorkspaces/workspace3/musedin-api/src/main/java/in/mused/api/service/UserConnectionServiceImpl.java
/Users/joppu/STSWorkspaces/workspace3/musedin-api/src/main/java/in/mused/api/util/Bootstrap.java
/Users/joppu/STSWorkspaces/workspace3/musedin-api/src/main/java/in/mused/api/util/ObjectIdTransformer.java
/Users/joppu/STSWorkspaces/workspace3/musedin-api/src/main/java/in/mused/api/domain/Activity_Roo_JavaBean.aj
/Users/joppu/STSWorkspaces/workspace3/musedin-api/src/main/java/in/mused/api/web/ApplicationConversionServiceFactoryBean_Roo_ConversionService.aj
/Users/joppu/STSWorkspaces/workspace3/musedin-api/src/main/java/in/mused/api/domain/Player_Roo_JavaBean.aj
/Users/joppu/STSWorkspaces/workspace3/musedin-api/src/main/java/in/mused/api/service/LibraryService.java
/Users/joppu/STSWorkspaces/workspace3/musedin-api/src/main/java/in/mused/api/domain/Playlist_Roo_Json.aj
/Users/joppu/STSWorkspaces/workspace3/musedin-api/src/main/java/in/mused/api/web/SongController.java
/Users/joppu/STSWorkspaces/workspace3/musedin-api/src/main/java/in/mused/api/domain/User_Roo_Mongo_Entity.aj
/Users/joppu/STSWorkspaces/workspace3/musedin-api/src/main/java/in/mused/api/repository/PlaylistRepository_Roo_Mongo_Repository.aj
/Users/joppu/STSWorkspaces/workspace3/musedin-api/src/main/java/in/mused/api/web/PlaylistController_Roo_Controller.aj
/Users/joppu/STSWorkspaces/workspace3/musedin-api/src/main/java/in/mused/api/repository/PlayerRepository.java
/Users/joppu/STSWorkspaces/workspace3/musedin-api/src/main/java/in/mused/api/service/PlaylistService.java
/Users/joppu/STSWorkspaces/workspace3/musedin-api/src/main/java/in/mused/api/service/PlayerService_Roo_Service.aj
/Users/joppu/STSWorkspaces/workspace3/musedin-api/src/main/java/in/mused/api/service/SecurityService.java
/Users/joppu/STSWorkspaces/workspace3/musedin-api/src/main/java/in/mused/api/domain/UserConnection.java
/Users/joppu/STSWorkspaces/workspace3/musedin-api/src/main/java/in/mused/api/web/ActivityController_Roo_Controller.aj
/Users/joppu/STSWorkspaces/workspace3/musedin-api/src/main/java/in/mused/api/domain/Playlist.java
/Users/joppu/STSWorkspaces/workspace3/musedin-api/src/main/java/in/mused/api/service/PlaylistServiceImpl.java
/Users/joppu/STSWorkspaces/workspace3/musedin-api/src/main/java/in/mused/api/web/UserConnectionController_Roo_Controller_Json.aj
/Users/joppu/STSWorkspaces/workspace3/musedin-api/src/main/java/in/mused/api/repository/PlaylistRepository.java
/Users/joppu/STSWorkspaces/workspace3/musedin-api/src/main/java/in/mused/api/web/UserConnectionController.java
/Users/joppu/STSWorkspaces/workspace3/musedin-api/src/main/java/in/mused/api/domain/Activity.java
/Users/joppu/STSWorkspaces/workspace3/musedin-api/src/main/java/in/mused/api/repository/LibraryRepository_Roo_Mongo_Repository.aj
/Users/joppu/STSWorkspaces/workspace3/musedin-api/src/main/java/in/mused/api/social/SocialConnectionRepository.java
/Users/joppu/STSWorkspaces/workspace3/musedin-api/src/main/java/in/mused/api/service/PlaylistService_Roo_Service.aj
/Users/joppu/STSWorkspaces/workspace3/musedin-api/src/main/java/in/mused/api/web/AppController.java
/Users/joppu/STSWorkspaces/workspace3/musedin-api/src/main/java/in/mused/api/web/ActivityController.java
/Users/joppu/STSWorkspaces/workspace3/musedin-api/src/main/java/in/mused/api/domain/Player.java
/Users/joppu/STSWorkspaces/workspace3/musedin-api/src/main/java/in/mused/api/domain/Song_Roo_ToString.aj
/Users/joppu/STSWorkspaces/workspace3/musedin-api/src/main/java/in/mused/api/repository/UserRepository.java
/Users/joppu/STSWorkspaces/workspace3/musedin-api/src/main/java/in/mused/api/service/PlayerServiceImpl.java
/Users/joppu/STSWorkspaces/workspace3/musedin-api/src/main/java/in/mused/api/social/SocialConfig.java
/Users/joppu/STSWorkspaces/workspace3/musedin-api/src/main/java/in/mused/api/service/PlaylistServiceImpl_Roo_Service.aj
